561425 379323
328675 117146
153953 632879
951619 934842
645745 583799
709099 563783
147385 88609
139947 229220
384400 110953
851012 638622
60764 425544
832169 153160
497970 346187
665970 502290
367552 18113
397436 774606
408104 928978
561857 242464
177306 562057
145856 513477
77260 339403
428012 854955
600527 740997
368302 567959
722933 501280
443176 735666
888827 783697
646237 791697
293987 386797
404910 312207
86813 661540
106870 318699
561163 494917
573326 668727
698556 254821
594225 719182
90490 292168
33165 22237
106549 207369
708649 917819
653486 829482
129532 151825
943523 58665
445462 775769
87976 753862
931754 366725
685424 174789
186058 38624
223704 762939
17760 275736
511270 922260
214429 611985
150575 601760
325482 763946
198118 257124
602958 34131
702309 851604
426621 732490
508259 162184
432398 872083
238808 596235
287376 364153
919129 440584
719875 989786
265522 142833
65094 737636
865973 776793
894905 795875
559821 532900
790024 220387
770871 757939
125895 392983
125473 989532
668068 552516
424600 150085
262672 100466
980971 179760
136697 66401
56187 900101
559286 856572
110560 838062
131207 624380
420255 492886
25786 26112
762852 496429
254368 332163
725146 50075
39607 380264
932780 366971
33408 224027
324493 873732
569845 296081
362482 821817
238270 706542
79466 935021
773083 797556
938289 706379
199265 904290
446755 874896
371325 741403
73566 725959
776034 625694
522310 315064
198388 331993
556020 971442
845175 231796
44229 396865
735034 931372
637914 923063
858085 973304
287213 233732
940111 147520
568163 225502
100398 655728
913484 14918
257229 471724
613770 503402
818467 33263
881608 652432
623874 533207
281355 953980
867197 985401
916773 325585
248648 602232
91888 71039
304772 623085
770606 379101
604603 761235
933316 338769
870039 221354
209430 846800
866554 127268
676883 823200
991984 685021
734580 74843
28823 615858
601260 15936
857873 896020
14604 34385
105425 622873
245959 106493
485594 410197
687784 532917
388038 90198
311552 621100
984252 774429
418049 520982
860534 850807
52180 94932
686127 852518
984728 303113
319049 714950
127322 585988
136726 176922
799795 141927
248420 242151
168700 562106
611375 734014
340564 856484
993937 999413
773842 168468
205802 494541
861700 191891
803175 66336
435206 430233
733346 489302
720604 419935
522275 52395
745669 847927
506206 659001
901152 61816
140275 270978
4992 586204
442689 751650
267416 861909
30377 952978
963871 41258
749502 236180
818868 825572
772157 69029
74684 770427
190362 505503
74250 311640
675919 228989
887991 336271
398087 182125
453103 305495
891700 54714
806365 974448
836357 850741
320071 73781
631391 383086
135618 283942
625866 897245
482627 470839
241266 398023
419878 73663
385303 947980
176969 10480
346751 61223
243348 581312
886808 261191
315905 212804
187252 294860
661953 638622
228755 539961
439399 982024
782318 860147
273744 91370
562209 408185
322560 272723
346386 319827
267807 258791
269271 731690
309265 961128
542441 616023
393566 68965
281769 945601
756813 709471
348094 985373
41686 418766
917142 576849
953348 997438
88808 699460
623997 743445
16168 167369
487196 462910
721701 362555
610597 271355
232483 990972
123347 436214
505179 291276
753229 516913
742737 303301
288674 510042
445160 607183
184032 846713
844151 362302
578115 653733
913530 932959
100328 202112
665022 929698
808605 103876
375231 386723
894048 935554
371768 124066
931695 533747
567013 876948
180249 684924
711319 309750
433285 985275
831988 672831
551486 617317
787402 676139
125450 129601
331713 700932
146983 225778
329654 513088
416163 471940
407495 221237
861656 826563
360311 779263
172563 793351
994627 443676
269778 869164
854440 222298
895130 703063
836732 202780
878920 446616
576217 140487
841419 4370
746501 424282
937370 504754
976695 592507
813745 353534
180097 384190
679805 191753
985104 56760
16788 368721
237885 496083
718382 286566
505981 92325
295106 613512
576480 342714
999553 690378
211100 669049
93331 357324
862079 473953
66461 30702
900588 838774
739316 396558
588311 597037
170150 935473
304194 89767
585850 186938
989857 542080
150757 304232
434096 495838
354904 962215
168945 10576
679625 354457
711782 380046
853999 289309
836363 90213
445339 436812
833370 736951
850340 701007
636480 938033
27800 20490
723781 457027
515459 613651
434235 713638
725828 182568
144784 868332
395260 80733
951542 830081
726479 591238
880547 663324
269889 96831
533643 716910
970213 715228
416235 883366
821399 820553
357396 569068
26095 365552
979203 81177
794815 541554
240474 929790
798122 520643
117728 385258
731692 709735
300973 69271
248947 458171
71354 181520
898430 518837
750417 604998
4716 868643
205548 166653
252073 342467
708019 562944
644121 278168
336074 203574
133365 955288
992284 576548
478159 447839
157574 110012
695635 209851
184374 458547
156419 944583
979772 255729
377079 571201
956196 730189
413194 381795
724262 161745
241041 665267
943435 948634
152208 401515
356803 795861
372410 285573
249765 865439
975452 366921
93124 407339
382239 671087
132022 793850
49579 55010
626212 111794
841984 943010
841157 582408
260505 255178
920446 565420
514054 501547
903062 380233
176095 182614
984540 776217
641657 64857
948130 234305
641644 133461
804548 41254
351456 540235
595246 452923
564717 917388
860398 221458
320218 406701
178232 701556
783328 580724
598623 98678
995263 813734
996348 501685
794254 687710
752567 980888
731545 435911
85724 217049
774655 373190
429777 406625
859548 126112
43500 25023
762833 424265
830967 903898
121806 83052
180128 9199
624229 421486
235220 778751
796788 135844
823555 747921
245161 591042
543306 92474
309524 976707
866249 629030
35655 84179
726643 812378
353754 895203
319469 770143
190394 116587
715991 666788
192339 312200
250039 896119
191222 332920
468764 1611
265884 988010
579053 292319
901146 511046
4105 122359
267741 210670
811201 386706
199084 303397
714952 537845
824340 552838
185778 34421
217561 14734
843287 418121
830593 926252
259172 93326
94937 21815
526178 727937
536608 360822
388220 105231
743942 437754
164776 908677
295383 11683
831432 492330
30175 10819
80010 546385
97158 854515
385602 782140
200261 831072
757324 228889
838567 547206
569022 16497
260786 449856
327030 95200
716783 313746
267853 715250
140279 977077
505112 432629
924959 952014
962834 852897
399282 471486
842354 559196
857688 12792
360216 744308
973197 574301
121508 117541
650390 328116
777972 206882
818434 427528
741274 105003
336605 51569
28646 525479
474461 476885
945251 533758
386655 915772
387259 424437
983633 302289
831434 745965
490273 357673
931975 191650
309191 979822
307938 569835
776717 475933
903461 602262
223617 111503
163072 161088
686567 76575
69812 191718
241828 161028
76801 15063
439501 144836
963477 980412
726377 939486
297160 794911
502914 733002
712824 229135
798970 328457
804391 537114
655728 92039
203542 707852
868940 395698
472273 882966
74684 555508
232888 542085
557148 832864
494052 309689
806453 513001
452488 457530
768793 49182
782184 749648
978783 271707
600165 11360
64826 294105
902496 920908
628760 720555
632605 622390
505356 14053
85913 104878
163315 96392
929256 318801
144843 720463
233465 939661
397191 467648
516831 202305
951953 165984
954044 299015
826728 447088
257545 70561
991469 891554
128461 160041
782431 136581
150634 761066
382296 287787
900531 752899
588053 545611
782427 346139
285800 732896
200544 532244
734549 682991
365328 233727
49095 686502
133590 835724
906285 875823
283729 907487
67528 414106
550687 928543
689609 366311
170450 217674
970573 588258
133869 70981
417120 558626
807874 916296
964892 702921
902264 524771
758498 699441
902295 783944
619668 807593
199768 552237
459724 525953
940059 483498
412041 527252
409915 7099
224773 618002
206260 580365
651346 711698
786677 340130
772778 584819
804092 594551
635674 737671
953464 706356
490301 394173
718118 855760
924349 626321
668627 917887
917737 384074
427678 125038
132137 846130
464132 837594
417959 873262
584961 186745
43227 585658
686829 371638
482541 816005
70028 490921
713629 118216
28741 539845
911957 720282
346604 746859
181098 836306
220380 15231
140269 615187
461317 648059
2005 788759
662021 441802
628547 936316
521974 246982
134972 671774
4131 725155
732428 617514
735730 590512
130357 446058
682692 280823
27682 42314
878620 545648
77231 725133
340320 615353
779764 733853
522612 317990
759792 781769
718085 184633
947968 388339
576465 756412
481567 82940
216806 580596
171108 730348
176406 952536
233359 817817
860131 375450
921099 777394
18879 255104
386809 514682
248535 875551
193541 166573
948342 287499
988485 469685
858024 182779
939191 936453
535745 434489
531438 937111
667459 752552
221440 702546
520364 360217
252019 971152
264898 896847
668303 689470
204153 283777
675680 55112
738037 452688
740188 869222
338907 202731
901863 728673
181478 713284
664125 357406
294517 717223
986127 195563
414462 478328
354897 723920
695072 451178
864377 123269
812739 959970
760099 532681
104145 16892
985933 435779
821353 358535
561266 726121
971146 676613
906249 979481
336888 152624
386199 570374
282290 631405
626086 888679
612599 213104
664282 497335
620604 307671
783993 45011
94044 949696
966588 60444
12575 198190
73077 468873
194994 833929
26894 150695
130177 682492
351468 933143
19869 467065
614822 737668
142699 818511
31615 757260
254596 755298
62969 212249
257261 391552
341248 363314
423758 351305
65847 824189
293062 436333
786614 655276
805972 4409
203253 813508
263003 936149
919566 554722
808742 799225
617736 534388
291649 951441
706739 165704
894305 62597
970501 286060
165726 667918
535576 828102
168643 589484
542169 117775
773052 978057
982466 845136
658644 579024
31525 185720
256794 438000
237225 951091
1831 65536
533329 371313
53369 809832
872429 240068
42480 947675
615593 359283
187385 208206
314042 667521
785297 872380
850437 372563
217699 558349
653725 832904
534976 392696
830696 685250
152693 308122
373658 584273
955586 670876
480709 906987
663407 8956
472983 869490
228773 705887
430445 604928
272450 932510
804890 744487
633402 57747
132448 655328
4584 851102
243798 786173
987775 55912
364034 590846
175119 656820
327696 254044
161031 647057
172365 808405
194248 340790
46677 645348
250277 423021
871884 993474
254313 39079
96826 676774
848454 887715
738817 745626
48151 369390
425302 498967
606165 552278
209098 789336
43380 781284
944694 53146
861552 720763
61553 117059
762408 572152
995173 624582
618056 529037
568116 383409
576536 872369
276437 181294
926920 424990
794381 531606
546926 975071
43701 219683
525372 153091
450728 252799
822297 85104
805868 395422
28833 200201
772353 867421
8356 791241
320278 767527
667288 626412
15134 404746
586040 243824
668815 807923
339529 512960
4383 979548
715583 886455
555899 564436
817235 240955
326060 6627
918401 155885
356086 648280
515701 947234
738476 128440
412319 40409
666822 575106
979853 79607
323432 198308
6231 82245
111558 508599
488147 862112
748568 115941
680378 203730
961038 304467
827446 13965
169850 287098
451730 745847
693081 525937
170729 967431
524193 947909
523016 583048
662655 707367
905675 19221
617818 986087
494686 428258
806722 729376
845318 499185
702916 71642
376109 42048
572365 663954
467404 719907
465754 258568
300857 919134
402917 675188
623097 471586
54634 927110
150829 662465
198038 233641
736081 56504
1114 815857
545233 747119
246305 807837
879479 906903
948951 465573
645879 771941
491848 37669
812589 113283
548769 473955
149143 113446
101384 468038
911501 288592
951058 672370
906011 62330
635187 149096
481305 642092
389212 152653
960490 26539
933442 635517
617442 356322
128263 398746
952767 263321
892956 136463
126770 765356
878802 958077
426115 792265
80858 980186
652556 853968
432651 548268
213716 74919
717012 584190
736843 695022
721561 622576
774445 213686
570008 171355
570101 391887
655208 214623
867438 522868
288224 548164
506241 994209
786474 683378
179916 448708
819029 383684
931952 832472
423744 251680
835870 145669
840691 140756
279684 89065
302751 78604
249959 54129
446016 872759
87382 820061
859281 617576
165740 471173
465382 663858
347236 188333
637041 768208
151893 527153
875977 456070
224102 83845
229514 299721
956829 576324
665390 586557
665161 236513
806994 968141
357253 915121
251534 769362
386938 444635
915808 627167
291025 69030
257363 897542
665751 154614
198119 410757
866827 817644
417841 590448
406522 607282
183606 163708
750265 363351
116217 848996
817138 931779
846900 923211
692574 174391
135378 614786
241953 595864
664895 567539
981433 532979
203945 922258
333015 647184
981180 402064
992512 716195
323477 915374
79082 399034
278738 507083
872432 345699
793830 911307
834518 689570
380313 157082
771868 43444
155661 32043
599582 13822
63153 820556
742814 581016
744552 267098
185514 592182
308377 242085
157459 178026
93413 148206
171641 752893
614944 888503
799810 44073
249995 408775
565857 150680
710477 630308
662352 854078
384252 866138
686694 778286
875654 447405
230855 945860
54394 136559
894996 932721
627099 879123
27329 52455
321700 720512
125367 715323
759396 452996
378123 925177
75858 9392
156052 460333
314411 302687
168825 334756
629395 215015
178772 371871
317731 21401
157960 409627
342348 888478
767601 52956
621763 485799
206312 311283
26606 459815
429164 331679
773209 302354
828098 807287
783972 365419
668106 500503
835259 614735
829750 836931
208802 981006
2408 8522
418149 42885
931363 676720
729677 276849
762649 215317
42952 867792
843960 485313
333344 69558
888264 273124
596763 106553
988324 716363
216866 380736
995471 656430
493361 568477
549484 825222
350096 218515
261401 551892
228612 284598
561447 709116
440785 474641
858786 840448
842113 483737
69647 702746
492222 691810
314715 957912
190627 605337
986073 303040
959470 923845
492322 497897
839471 452832
187699 41806
110050 189567
474165 449100
674569 855015
846008 551965
